-- Found ament_cmake: 2.5.4 (/opt/ros/jazzy/share/ament_cmake/cmake)
-- Found rclcpp: 28.1.9 (/opt/ros/jazzy/share/rclcpp/cmake)
-- Found rosidl_generator_c: 4.6.5 (/opt/ros/jazzy/share/rosidl_generator_c/cmake)
-- Found rosidl_generator_cpp: 4.6.5 (/opt/ros/jazzy/share/rosidl_generator_cpp/cmake)
-- Using all available rosidl_typesupport_c: rosidl_typesupport_fastrtps_c;rosidl_typesupport_introspection_c
-- Using all available rosidl_typesupport_cpp: rosidl_typesupport_fastrtps_cpp;rosidl_typesupport_introspection_cpp
-- Found rmw_implementation_cmake: 7.3.2 (/opt/ros/jazzy/share/rmw_implementation_cmake/cmake)
-- Found rmw_fastrtps_cpp: 8.4.2 (/opt/ros/jazzy/share/rmw_fastrtps_cpp/cmake)
-- Using RMW implementation 'rmw_fastrtps_cpp' as default
-- Found sensor_msgs: 5.3.6 (/opt/ros/jazzy/share/sensor_msgs/cmake)
-- Found pcl_ros: 2.6.2 (/opt/ros/jazzy/share/pcl_ros/cmake)
[33mCMake Warning (dev) at /usr/lib/x86_64-linux-gnu/cmake/pcl/Modules/FindFLANN.cmake:45 (find_package):
  Policy CMP0144 is not set: find_package uses upper-case <PACKAGENAME>_ROOT
  variables.  Run "cmake --help-policy CMP0144" for policy details.  Use the
  cmake_policy command to set the policy and suppress this warning.

  CMake variable FLANN_ROOT is set to:

    /usr

  For compatibility, find_package is ignoring the variable, but code in a
  .cmake module might still use it.
Call Stack (most recent call first):
  /usr/lib/x86_64-linux-gnu/cmake/pcl/PCLConfig.cmake:261 (find_package)
  /usr/lib/x86_64-linux-gnu/cmake/pcl/PCLConfig.cmake:306 (find_flann)
  /usr/lib/x86_64-linux-gnu/cmake/pcl/PCLConfig.cmake:570 (find_external_library)
  /opt/ros/jazzy/share/pcl_conversions/cmake/ament_cmake_export_dependencies-extras.cmake:21 (find_package)
  /opt/ros/jazzy/share/pcl_conversions/cmake/pcl_conversionsConfig.cmake:41 (include)
  /opt/ros/jazzy/share/pcl_ros/cmake/ament_cmake_export_dependencies-extras.cmake:21 (find_package)
  /opt/ros/jazzy/share/pcl_ros/cmake/pcl_rosConfig.cmake:41 (include)
  CMakeLists.txt:19 (find_package)
This warning is for project developers.  Use -Wno-dev to suppress it.
[0m
-- Found flann version 1.9.2
-- OpenNI found (version: 1.5.4.0, include: /usr/include/ni, lib: /usr/lib/libOpenNI.so;libusb::libusb)
-- OpenNI2 found (version: 2.2.0.33, include: /usr/include/openni2, lib: /usr/lib/x86_64-linux-gnu/libOpenNI2.so;libusb::libusb)
-- Could NOT find Pcap (missing: PCAP_LIBRARIES PCAP_INCLUDE_DIRS) 
-- OpenNI found (version: 1.5.4.0, include: /usr/include/ni, lib: /usr/lib/libOpenNI.so;libusb::libusb)
-- OpenNI2 found (version: 2.2.0.33, include: /usr/include/openni2, lib: /usr/lib/x86_64-linux-gnu/libOpenNI2.so;libusb::libusb)
-- Found Qhull version 8.0.2
-- OpenNI found (version: 1.5.4.0, include: /usr/include/ni, lib: /usr/lib/libOpenNI.so;libusb::libusb)
-- Found eigen3_cmake_module: 0.3.0 (/opt/ros/jazzy/share/eigen3_cmake_module/cmake)
-- Ensuring Eigen3 include directory is part of orocos-kdl CMake target
-- Found visualization_msgs: 5.3.6 (/opt/ros/jazzy/share/visualization_msgs/cmake)
-- Found ament_lint_auto: 0.17.2 (/opt/ros/jazzy/share/ament_lint_auto/cmake)
-- Added test 'cppcheck' to perform static code analysis on C / C++ code
-- Configured cppcheck include dirs: /home/hungatec/rob499_ws/src/hw7/include
-- Configured cppcheck exclude dirs and/or files: 
-- Added test 'lint_cmake' to check CMake code style
-- Added test 'uncrustify' to check C / C++ code style
-- Configured uncrustify additional arguments: 
-- Added test 'xmllint' to check XML markup files
-- Configuring done (8.6s)
-- Generating done (0.2s)
-- Build files have been written to: /home/hungatec/rob499_ws/build/hw7
[ 25%] [32mBuilding CXX object CMakeFiles/table_remover.dir/src/table_remover.cpp.o[0m
[ 75%] Built target background_remover
[01m[K/home/hungatec/rob499_ws/src/hw7/src/table_remover.cpp:[m[K In member function â€˜[01m[Kvoid TableRemover::[01;32m[Kcallback[m[K(sensor_msgs::msg::PointCloud2_<std::allocator<void> >::SharedPtr)[m[Kâ€™:
[01m[K/home/hungatec/rob499_ws/src/hw7/src/table_remover.cpp:100:25:[m[K [01;31m[Kerror: [m[Kâ€˜[01m[Ktf2[m[Kâ€™ has not been declared
  100 |                         [01;31m[Ktf2[m[K::Vector3 normal(a, b, c);
      |                         [01;31m[K^~~[m[K
[01m[K/home/hungatec/rob499_ws/src/hw7/src/table_remover.cpp:101:25:[m[K [01;31m[Kerror: [m[Kâ€˜[01m[Ktf2[m[Kâ€™ has not been declared
  101 |                         [01;31m[Ktf2[m[K::Vector3 up(0.0, 0.0, 1.0);
      |                         [01;31m[K^~~[m[K
[01m[K/home/hungatec/rob499_ws/src/hw7/src/table_remover.cpp:102:25:[m[K [01;31m[Kerror: [m[Kâ€˜[01m[Ktf2[m[Kâ€™ has not been declared
  102 |                         [01;31m[Ktf2[m[K::Quaternion q;
      |                         [01;31m[K^~~[m[K
[01m[K/home/hungatec/rob499_ws/src/hw7/src/table_remover.cpp:103:25:[m[K [01;31m[Kerror: [m[Kâ€˜[01m[Kq[m[Kâ€™ was not declared in this scope
  103 |                         [01;31m[Kq[m[K.setRotation(up.cross(normal), acos(up.dot(normal)));
      |                         [01;31m[K^[m[K
[01m[K/home/hungatec/rob499_ws/src/hw7/src/table_remover.cpp:103:39:[m[K [01;31m[Kerror: [m[Kâ€˜[01m[Kup[m[Kâ€™ was not declared in this scope; did you mean â€˜[01m[Kdup[m[Kâ€™?
  103 |                         q.setRotation([01;31m[Kup[m[K.cross(normal), acos(up.dot(normal)));
      |                                       [01;31m[K^~[m[K
      |                                       [32m[Kdup[m[K
[01m[K/home/hungatec/rob499_ws/src/hw7/src/table_remover.cpp:103:48:[m[K [01;31m[Kerror: [m[Kâ€˜[01m[Knormal[m[Kâ€™ was not declared in this scope
  103 |                         q.setRotation(up.cross([01;31m[Knormal[m[K), acos(up.dot(normal)));
      |                                                [01;31m[K^~~~~~[m[K
gmake[2]: *** [CMakeFiles/table_remover.dir/build.make:76: CMakeFiles/table_remover.dir/src/table_remover.cpp.o] Error 1
gmake[1]: *** [CMakeFiles/Makefile2:165: CMakeFiles/table_remover.dir/all] Error 2
gmake: *** [Makefile:146: all] Error 2
