[01m[K/home/hungatec/rob499_ws/src/hw6/src/limiter.cpp:[m[K In constructor â€˜[01m[KOscopeSubscriber::[01;32m[KOscopeSubscriber[m[K(const rclcpp::NodeOptions&)[m[Kâ€™:
[01m[K/home/hungatec/rob499_ws/src/hw6/src/limiter.cpp:31:23:[m[K [01;31m[Kerror: [m[Kâ€˜[01m[Kclass OscopeSubscriber[m[Kâ€™ has no member named â€˜[01m[Kset_on_parameters_set_callback[m[Kâ€™
   31 |                 this->[01;31m[Kset_on_parameters_set_callback[m[K(
      |                       [01;31m[K^~~~~~~~~~~~~~~~~~~~~~~~~~~~~~[m[K
gmake[2]: *** [CMakeFiles/limiter.dir/build.make:76: CMakeFiles/limiter.dir/src/limiter.cpp.o] Error 1
gmake[1]: *** [CMakeFiles/Makefile2:169: CMakeFiles/limiter.dir/all] Error 2
gmake[1]: *** Waiting for unfinished jobs....
gmake: *** [Makefile:146: all] Error 2
