[0.045s] Invoking command in '/home/hungatec/rob499_ws/build/hw6': CMAKE_PREFIX_PATH=${CMAKE_PREFIX_PATH}:/home/hungatec/rob499_ws/install/rob599_more:/home/hungatec/rob499_ws/install/rob599_basic:/home/hungatec/rob499_ws/install/hw5:/home/hungatec/rob499_ws/install/hw4:/home/hungatec/rob499_ws/install/hw3:/home/hungatec/rob499_ws/install/hw2:/opt/ros/jazzy DEBUGINFOD_URLS=https://debuginfod.ubuntu.com /usr/bin/cmake --build /home/hungatec/rob499_ws/build/hw6 -- -j4 -l4
[0.278s] [ 25%] Built target data_sender
[0.290s] [ 37%] [32mBuilding CXX object CMakeFiles/oscope.dir/src/oscope.cpp.o[0m
[0.310s] [ 62%] Built target limiter
[0.310s] [ 87%] Built target data_receiver
[5.402s] [01m[K/home/hungatec/rob499_ws/src/hw6/src/oscope.cpp:[m[K In constructor â€˜[01m[KOscopePublisher::[01;32m[KOscopePublisher[m[K()[m[Kâ€™:
[5.402s] [01m[K/home/hungatec/rob499_ws/src/hw6/src/oscope.cpp:32:72:[m[K [01;31m[Kerror: [m[Kexpected â€˜[01m[K)[m[Kâ€™ before â€˜[01m[Ks[m[Kâ€™
[5.402s]    32 |      timer_ = this->create_wall_timer((1.0 / sampling_rate_)[01;31m[Ks[m[K, std::bind(&OscopePublisher::timer_callback, this));
[5.402s]       |                                                             [01;31m[K^[m[K
[5.402s] 
[5.402s] [01m[K/home/hungatec/rob499_ws/src/hw6/src/oscope.cpp:32:49:[m[K [01;36m[Knote: [m[Kto match this â€˜[01m[K([m[Kâ€™
[5.402s]    32 |                 timer_ = this->create_wall_timer[01;36m[K([m[K(1.0 / sampling_rate_)s, std::bind(&OscopePublisher::timer_callback, this));
[5.402s]       |                                                 [01;36m[K^[m[K
[5.411s] [01m[K/home/hungatec/rob499_ws/src/hw6/src/oscope.cpp:32:49:[m[K [01;31m[Kerror: [m[Kno matching function for call to â€˜[01m[KOscopePublisher::create_wall_timer(double, std::_Bind_helper<false, void (OscopePublisher::*)(), OscopePublisher*>::type)[m[Kâ€™
[5.412s]    32 |                 timer_ = [01;31m[Kthis->create_wall_timer((1.0 / sampling_rate_)s, std::bind(&OscopePublisher::timer_callback, this))[m[K;
[5.412s]       |                          [01;31m[K~~~~~~~~~~~~~~~~~~~~~~~^~~~~~~~~~~~~~~~~~~~~~~~~~~~~~~~~~~~~~~~~~~~~~~~~~~~~~~~~~~~~~~~~~~~~~~~~~~~[m[K
[5.413s] In file included from [01m[K/opt/ros/jazzy/include/rclcpp/rclcpp/executors/single_threaded_executor.hpp:28[m[K,
[5.413s]                  from [01m[K/opt/ros/jazzy/include/rclcpp/rclcpp/executors.hpp:22[m[K,
[5.413s]                  from [01m[K/opt/ros/jazzy/include/rclcpp/rclcpp/rclcpp.hpp:172[m[K,
[5.413s]                  from [01m[K/home/hungatec/rob499_ws/src/hw6/src/oscope.cpp:13[m[K:
[5.413s] [01m[K/opt/ros/jazzy/include/rclcpp/rclcpp/node.hpp:241:3:[m[K [01;36m[Knote: [m[Kcandidate: â€˜[01m[Ktemplate<class DurationRepT, class DurationT, class CallbackT> typename rclcpp::WallTimer<CallbackT>::SharedPtr rclcpp::Node::[01;32m[Kcreate_wall_timer[m[K(std::chrono::duration<_Rep1, _Period1>, CallbackT, rclcpp::CallbackGroup::SharedPtr, bool)[m[Kâ€™
[5.413s]   241 |   [01;36m[Kcreate_wall_timer[m[K(
[5.413s]       |   [01;36m[K^~~~~~~~~~~~~~~~~[m[K
[5.414s] [01m[K/opt/ros/jazzy/include/rclcpp/rclcpp/node.hpp:241:3:[m[K [01;36m[Knote: [m[K  template argument deduction/substitution failed:
[5.414s] [01m[K/home/hungatec/rob499_ws/src/hw6/src/oscope.cpp:32:49:[m[K [01;36m[Knote: [m[K  mismatched types â€˜[01m[Kstd::chrono::duration<_Rep1, _Period1>[m[Kâ€™ and â€˜[01m[Kdouble[m[Kâ€™
[5.414s]    32 |                 timer_ = [01;36m[Kthis->create_wall_timer((1.0 / sampling_rate_)s, std::bind(&OscopePublisher::timer_callback, this))[m[K;
[5.414s]       |                          [01;36m[K~~~~~~~~~~~~~~~~~~~~~~~^~~~~~~~~~~~~~~~~~~~~~~~~~~~~~~~~~~~~~~~~~~~~~~~~~~~~~~~~~~~~~~~~~~~~~~~~~~~[m[K
[6.998s] gmake[2]: *** [CMakeFiles/oscope.dir/build.make:76: CMakeFiles/oscope.dir/src/oscope.cpp.o] Error 1
[7.003s] gmake[1]: *** [CMakeFiles/Makefile2:143: CMakeFiles/oscope.dir/all] Error 2
[7.003s] gmake: *** [Makefile:146: all] Error 2
[7.012s] Invoked command in '/home/hungatec/rob499_ws/build/hw6' returned '2': CMAKE_PREFIX_PATH=${CMAKE_PREFIX_PATH}:/home/hungatec/rob499_ws/install/rob599_more:/home/hungatec/rob499_ws/install/rob599_basic:/home/hungatec/rob499_ws/install/hw5:/home/hungatec/rob499_ws/install/hw4:/home/hungatec/rob499_ws/install/hw3:/home/hungatec/rob499_ws/install/hw2:/opt/ros/jazzy DEBUGINFOD_URLS=https://debuginfod.ubuntu.com /usr/bin/cmake --build /home/hungatec/rob499_ws/build/hw6 -- -j4 -l4
