[0.093s] Invoking command in '/home/hungatec/rob499_ws/build/hw7': CMAKE_PREFIX_PATH=${CMAKE_PREFIX_PATH}:/opt/ros/jazzy DEBUGINFOD_URLS=https://debuginfod.ubuntu.com /usr/bin/cmake --build /home/hungatec/rob499_ws/build/hw7 -- -j4 -l4
[0.731s] -- Found ament_cmake: 2.5.4 (/opt/ros/jazzy/share/ament_cmake/cmake)
[1.915s] -- Found rclcpp: 28.1.9 (/opt/ros/jazzy/share/rclcpp/cmake)
[2.130s] -- Found rosidl_generator_c: 4.6.5 (/opt/ros/jazzy/share/rosidl_generator_c/cmake)
[2.180s] -- Found rosidl_generator_cpp: 4.6.5 (/opt/ros/jazzy/share/rosidl_generator_cpp/cmake)
[2.261s] -- Using all available rosidl_typesupport_c: rosidl_typesupport_fastrtps_c;rosidl_typesupport_introspection_c
[2.344s] -- Using all available rosidl_typesupport_cpp: rosidl_typesupport_fastrtps_cpp;rosidl_typesupport_introspection_cpp
[2.711s] -- Found rmw_implementation_cmake: 7.3.2 (/opt/ros/jazzy/share/rmw_implementation_cmake/cmake)
[2.730s] -- Found rmw_fastrtps_cpp: 8.4.2 (/opt/ros/jazzy/share/rmw_fastrtps_cpp/cmake)
[2.991s] -- Using RMW implementation 'rmw_fastrtps_cpp' as default
[3.313s] -- Found sensor_msgs: 5.3.6 (/opt/ros/jazzy/share/sensor_msgs/cmake)
[3.550s] -- Found pcl_ros: 2.6.2 (/opt/ros/jazzy/share/pcl_ros/cmake)
[3.825s] [33mCMake Warning (dev) at /usr/lib/x86_64-linux-gnu/cmake/pcl/Modules/FindFLANN.cmake:45 (find_package):
[3.826s]   Policy CMP0144 is not set: find_package uses upper-case <PACKAGENAME>_ROOT
[3.826s]   variables.  Run "cmake --help-policy CMP0144" for policy details.  Use the
[3.826s]   cmake_policy command to set the policy and suppress this warning.
[3.826s] 
[3.826s]   CMake variable FLANN_ROOT is set to:
[3.826s] 
[3.826s]     /usr
[3.826s] 
[3.826s]   For compatibility, find_package is ignoring the variable, but code in a
[3.826s]   .cmake module might still use it.
[3.826s] Call Stack (most recent call first):
[3.826s]   /usr/lib/x86_64-linux-gnu/cmake/pcl/PCLConfig.cmake:261 (find_package)
[3.827s]   /usr/lib/x86_64-linux-gnu/cmake/pcl/PCLConfig.cmake:306 (find_flann)
[3.827s]   /usr/lib/x86_64-linux-gnu/cmake/pcl/PCLConfig.cmake:570 (find_external_library)
[3.827s]   /opt/ros/jazzy/share/pcl_conversions/cmake/ament_cmake_export_dependencies-extras.cmake:21 (find_package)
[3.827s]   /opt/ros/jazzy/share/pcl_conversions/cmake/pcl_conversionsConfig.cmake:41 (include)
[3.827s]   /opt/ros/jazzy/share/pcl_ros/cmake/ament_cmake_export_dependencies-extras.cmake:21 (find_package)
[3.827s]   /opt/ros/jazzy/share/pcl_ros/cmake/pcl_rosConfig.cmake:41 (include)
[3.827s]   CMakeLists.txt:19 (find_package)
[3.827s] This warning is for project developers.  Use -Wno-dev to suppress it.
[3.827s] [0m
[3.841s] -- Found flann version 1.9.2
[6.530s] -- OpenNI found (version: 1.5.4.0, include: /usr/include/ni, lib: /usr/lib/libOpenNI.so;libusb::libusb)
[6.561s] -- OpenNI2 found (version: 2.2.0.33, include: /usr/include/openni2, lib: /usr/lib/x86_64-linux-gnu/libOpenNI2.so;libusb::libusb)
[6.575s] -- Could NOT find Pcap (missing: PCAP_LIBRARIES PCAP_INCLUDE_DIRS) 
[7.655s] -- OpenNI found (version: 1.5.4.0, include: /usr/include/ni, lib: /usr/lib/libOpenNI.so;libusb::libusb)
[7.677s] -- OpenNI2 found (version: 2.2.0.33, include: /usr/include/openni2, lib: /usr/lib/x86_64-linux-gnu/libOpenNI2.so;libusb::libusb)
[8.685s] -- Found Qhull version 8.0.2
[9.800s] -- OpenNI found (version: 1.5.4.0, include: /usr/include/ni, lib: /usr/lib/libOpenNI.so;libusb::libusb)
[12.946s] -- Found eigen3_cmake_module: 0.3.0 (/opt/ros/jazzy/share/eigen3_cmake_module/cmake)
[12.953s] -- Ensuring Eigen3 include directory is part of orocos-kdl CMake target
[13.030s] -- Found ament_lint_auto: 0.17.2 (/opt/ros/jazzy/share/ament_lint_auto/cmake)
[13.472s] -- Added test 'cppcheck' to perform static code analysis on C / C++ code
[13.476s] -- Configured cppcheck include dirs: /home/hungatec/rob499_ws/src/hw7/include
[13.477s] -- Configured cppcheck exclude dirs and/or files: 
[13.485s] -- Added test 'lint_cmake' to check CMake code style
[13.491s] -- Added test 'uncrustify' to check C / C++ code style
[13.493s] -- Configured uncrustify additional arguments: 
[13.502s] -- Added test 'xmllint' to check XML markup files
[13.523s] -- Configuring done (12.9s)
[14.092s] -- Generating done (0.5s)
[14.129s] -- Build files have been written to: /home/hungatec/rob499_ws/build/hw7
[14.634s] [ 25%] [32mBuilding CXX object CMakeFiles/table_remover.dir/src/table_remover.cpp.o[0m
[14.645s] [ 50%] [32mBuilding CXX object CMakeFiles/background_remover.dir/src/background_remover.cpp.o[0m
[21.772s] [01m[K/home/hungatec/rob499_ws/src/hw7/src/table_remover.cpp:23:10:[m[K [01;31m[Kfatal error: [m[Kvisualization_msgs/msg/marker.hpp: No such file or directory
[21.772s]    23 | #include [01;31m[K<visualization_msgs/msg/marker.hpp>[m[K
[21.772s]       |          [01;31m[K^~~~~~~~~~~~~~~~~~~~~~~~~~~~~~~~~~~[m[K
[21.772s] compilation terminated.
[21.796s] gmake[2]: *** [CMakeFiles/table_remover.dir/build.make:76: CMakeFiles/table_remover.dir/src/table_remover.cpp.o] Error 1
[21.796s] gmake[1]: *** [CMakeFiles/Makefile2:165: CMakeFiles/table_remover.dir/all] Error 2
[21.796s] gmake[1]: *** Waiting for unfinished jobs....
[38.354s] [ 75%] [32m[1mLinking CXX executable background_remover[0m
[42.342s] [ 75%] Built target background_remover
[42.344s] gmake: *** [Makefile:146: all] Error 2
[42.351s] Invoked command in '/home/hungatec/rob499_ws/build/hw7' returned '2': CMAKE_PREFIX_PATH=${CMAKE_PREFIX_PATH}:/opt/ros/jazzy DEBUGINFOD_URLS=https://debuginfod.ubuntu.com /usr/bin/cmake --build /home/hungatec/rob499_ws/build/hw7 -- -j4 -l4
