[ 25%] Built target oscope
[ 50%] Built target data_receiver
[ 75%] Built target limiter
[ 87%] [32mBuilding CXX object CMakeFiles/data_sender.dir/src/data_sender.cpp.o[0m
[01m[K/home/hungatec/rob499_ws/src/hw6/src/data_sender.cpp:97:2:[m[K [01;31m[Kerror: [m[Kexpected â€˜[01m[K}[m[Kâ€™ at end of input
   97 | }
      |  [01;31m[K^[m[K
[01m[K/home/hungatec/rob499_ws/src/hw6/src/data_sender.cpp:19:45:[m[K [01;36m[Knote: [m[Kto match this â€˜[01m[K{[m[Kâ€™
   19 | class SendDataService : public rclcpp::Node [01;36m[K{[m[K
      |                                             [01;36m[K^[m[K
[01m[K/home/hungatec/rob499_ws/src/hw6/src/data_sender.cpp:[m[K In constructor â€˜[01m[KSendDataService::[01;32m[KSendDataService[m[K()[m[Kâ€™:
[01m[K/home/hungatec/rob499_ws/src/hw6/src/data_sender.cpp:27:17:[m[K [01;31m[Kerror: [m[Kâ€˜[01m[Kpublisher_[m[Kâ€™ was not declared in this scope; did you mean â€˜[01m[Krmw_publisher_t[m[Kâ€™?
   27 |                 [01;31m[Kpublisher_[m[K = this->create_publisher<TestPacket>("data", 10);
      |                 [01;31m[K^~~~~~~~~~[m[K
      |                 [32m[Krmw_publisher_t[m[K
[01m[K/home/hungatec/rob499_ws/src/hw6/src/data_sender.cpp:28:17:[m[K [01;31m[Kerror: [m[Kâ€˜[01m[Kservice_[m[Kâ€™ was not declared in this scope; did you mean â€˜[01m[Kservice_msgs[m[Kâ€™?
   28 |                 [01;31m[Kservice_[m[K = this->create_service<SendData>("send_data", std::bind(&SendDataService::service_callback, this, _1, _2));
      |                 [01;31m[K^~~~~~~~[m[K
      |                 [32m[Kservice_msgs[m[K
[01m[K/home/hungatec/rob499_ws/src/hw6/src/data_sender.cpp:28:100:[m[K [01;31m[Kerror: [m[Kâ€˜[01m[Kservice_callback[m[Kâ€™ is not a member of â€˜[01m[KSendDataService[m[Kâ€™
   28 |                 service_ = this->create_service<SendData>("send_data", std::bind(&SendDataService::[01;31m[Kservice_callback[m[K, this, _1, _2));
      |                                                                                                    [01;31m[K^~~~~~~~~~~~~~~~[m[K
[01m[K/home/hungatec/rob499_ws/src/hw6/src/data_sender.cpp:30:21:[m[K [01;31m[Kerror: [m[Kâ€˜[01m[Ksend_data_[m[Kâ€™ was not declared in this scope; did you mean â€˜[01m[KSendData[m[Kâ€™?
   30 |                 if ([01;31m[Ksend_data_[m[K) {
      |                     [01;31m[K^~~~~~~~~~[m[K
      |                     [32m[KSendData[m[K
[01m[K/home/hungatec/rob499_ws/src/hw6/src/data_sender.cpp:31:25:[m[K [01;31m[Kerror: [m[Kâ€˜[01m[Ktimer_[m[Kâ€™ was not declared in this scope; did you mean â€˜[01m[Ktimer_t[m[Kâ€™?
   31 |                         [01;31m[Ktimer_[m[K = this->create_wall_timer(2s, std::bind(&SendDataService::timer_callback, this));
      |                         [01;31m[K^~~~~~[m[K
      |                         [32m[Ktimer_t[m[K
[01m[K/home/hungatec/rob499_ws/src/hw6/src/data_sender.cpp:31:90:[m[K [01;31m[Kerror: [m[Kâ€˜[01m[Ktimer_callback[m[Kâ€™ is not a member of â€˜[01m[KSendDataService[m[Kâ€™
   31 |                         timer_ = this->create_wall_timer(2s, std::bind(&SendDataService::[01;31m[Ktimer_callback[m[K, this));
      |                                                                                          [01;31m[K^~~~~~~~~~~~~~[m[K
[01m[K/home/hungatec/rob499_ws/src/hw6/src/data_sender.cpp:38:69:[m[K [01;31m[Kerror: [m[Ka function-definition is not allowed here before â€˜[01m[K{[m[Kâ€™ token
   38 |                 const std::shared_ptr<SendData::Response> response) [01;31m[K{[m[K
      |                                                                     [01;31m[K^[m[K
[01m[K/home/hungatec/rob499_ws/src/hw6/src/data_sender.cpp:57:1:[m[K [01;31m[Kerror: [m[Kexpected primary-expression before â€˜[01m[Kprivate[m[Kâ€™
   57 | [01;31m[Kprivate[m[K:
      | [01;31m[K^~~~~~~[m[K
[01m[K/home/hungatec/rob499_ws/src/hw6/src/data_sender.cpp:67:30:[m[K [01;31m[Kerror: [m[Ka function-definition is not allowed here before â€˜[01m[K{[m[Kâ€™ token
   67 |         void timer_callback()[01;31m[K{[m[K
      |                              [01;31m[K^[m[K
[01m[K/home/hungatec/rob499_ws/src/hw6/src/data_sender.cpp:61:13:[m[K [01;35m[Kwarning: [m[Kunused variable â€˜[01m[Kcounter_[m[Kâ€™ [[01;35m[K]8;;https://gcc.gnu.org/onlinedocs/gcc/Warning-Options.html#index-Wunused-variable-Wunused-variable]8;;[m[K]
   61 |         int [01;35m[Kcounter_[m[K = 0;
      |             [01;35m[K^~~~~~~~[m[K
[01m[K/home/hungatec/rob499_ws/src/hw6/src/data_sender.cpp:[m[K At global scope:
[01m[K/home/hungatec/rob499_ws/src/hw6/src/data_sender.cpp:97:2:[m[K [01;31m[Kerror: [m[Kexpected unqualified-id at end of input
   97 | }
      |  [01;31m[K^[m[K
gmake[2]: *** [CMakeFiles/data_sender.dir/build.make:76: CMakeFiles/data_sender.dir/src/data_sender.cpp.o] Error 1
gmake[1]: *** [CMakeFiles/Makefile2:195: CMakeFiles/data_sender.dir/all] Error 2
gmake: *** [Makefile:146: all] Error 2
